Connected
[00:17:03.574,312] [0m<inf> ota: device_info_read_cb: <==ota_attr_read_cb: ic_type=0x10, spec_version=0x5, OTA Header secure_version=0x0[0m
[00:17:03.574,812] [0m<inf> ota: device_info_read_cb: <==ota_attr_read_cb: bufChkEn=1, bufsize=0x800, aesflg=0, aesmode=1, handshake=0[0m
[00:17:03.575,156] [0m<inf> ota: device_info_read_cb: <==ota_attr_read_cb: copy_img=0x0, multi_img=0x1, temp_bank_size=0x7d, img_indicator=0x4000550[0m
[00:17:03.575,218] [0m<inf> ota: device_info_read_cb: <==ota_attr_read_cb: image_crtl_header_offset 0x1b0, compressed_image_crtl_header_offset 0x0, compress_mode 0[0m
[00:17:03.664,312] [0m<inf> ota: mac_address_read_cb: OTA SERVICE, UUID:d_cb: mac_addr
                              22 63 87 4c e0 0 0xffd2[0m
[00:17:03.664,718] [0m<inf> ota: mac_address_rea1                                |"c.L..           [0m
[00:17:03.754,343] [0m<inf> ota: image_version0_read_cb: image_exist=0x80f(BIT0:OTA, BIT1:patch, ...), image_num=5[0m
[00:17:03.754,593] [0m<inf> ota: image_version0_read_cb: image:0x2790 exist!, version=0x1000001[0m
[00:17:03.754,656] [0m<inf> ota: image_version0_read_cb: image:0x2791 exist!, version=0x4021[0m
[00:17:03.754,718] [0m<inf> ota: image_version0_read_cb: image:0x2792 exist!, version=0x10142000[0m
[00:17:03.755,062] [0m<inf> ota: image_version0_read_cb: image:0x2793 exist!, version=0x1073[0m
[00:17:03.755,187] [0m<inf> ota: image_version0_read_cb: image:0x279b exist!, version=0x91000[0m
[00:17:18.244,437] [0m<inf> ota: device_info_read_cb: <==ota_attr_read_cb: ic_type=0x10, spec_version=0x5, OTA Header secure_version=0x0[0m
[00:17:18.244,906] [0m<inf> ota: device_info_read_cb: <==ota_attr_read_cb: bufChkEn=1, bufsize=0x800, aesflg=0, aesmode=1, handshake=0[0m
[00:17:18.245,250] [0m<inf> ota: device_info_read_cb: <==ota_attr_read_cb: copy_img=0x0, multi_img=0x1, temp_bank_size=0x7d, img_indicator=0x4000550[0m
[00:17:18.245,312] [0m<inf> ota: device_info_read_cb: <==ota_attr_read_cb: image_crtl_header_offset 0x1b0, compressed_image_crtl_header_offset 0x0, compress_mode 0[0m
[00:17:18.334,656] [0m<inf> ota: mac_address_read_cb: OTA SERVICE, UUID:d_cb: mac_addr
                              22 63 87 4c e0 0 0xffd2[0m
[00:17:18.335,062] [0m<inf> ota: mac_address_rea1                                |"c.L..           [0m
[00:17:18.424,656] [0m<inf> ota: image_version0_read_cb: image_exist=0x80f(BIT0:OTA, BIT1:patch, ...), image_num=5[0m
[00:17:18.424,906] [0m<inf> ota: image_version0_read_cb: image:0x2790 exist!, version=0x1000001[0m
[00:17:18.424,968] [0m<inf> ota: image_version0_read_cb: image:0x2791 exist!, version=0x4021[0m
[00:17:18.425,031] [0m<inf> ota: image_version0_read_cb: image:0x2792 exist!, version=0x10142000[0m
[00:17:18.425,375] [0m<inf> ota: image_version0_read_cb: image:0x2793 exist!, version=0x1073[0m
[00:17:18.425,468] [0m<inf> ota: image_version0_read_cb: image:0x279b exist!, version=0x91000[0m
[00:17:18.739,781] [0m<inf> dfu: dfu_service_cccd_update_cb: dfu_cccd_update_cb Notifications enabled
[0m
[00:17:18.740,468] [0m<inf> silent_ota: app_dfu_srv_cb: dfu notification enable[0m
[00:17:18.919,781] [0m<inf> dfu: dfu_service_handle_control_point_req: ==>dfu_service_handle_control_point_req: opcode=0x9, length=1[0m
[00:17:18.920,406] [0m<inf> dfu: dfu_service_handle_control_point_req: DFU_OPCODE_BUFFER_CHECK_EN: mtu_size=247, max_bufffer_size=2048[0m
[00:17:19.009,843] [0m<inf> dfu: dfu_service_handle_control_point_req: ==>dfu_service_handle_control_point_req: opcode=0x7, length=9[0m
[00:17:19.011,187] [0m<inf> dfu: dfu_service_handle_control_point_req: DFU_OPCODE_CONN_PARA_TO_UPDATE_REQ: conn_min=0x6, conn_max=0x11, latcy=0x0, timeout=0x1f4[0m
[00:17:29.088,406] [0m<inf> dfu: dfu_service_handle_control_point_req: ==>dfu_service_handle_control_point_req: opcode=0x6, length=3[0m
[00:17:29.088,968] [0m<inf> dfu_flash: dfu_report_target_fw_info: <==dfu_report_target_fw_info: result=0[0m
[00:17:29.089,062] [0m<inf> dfu: dfu_service_handle_control_point_req: DFU_OPCODE_REPORT_TARGET_INFO: image_id=0x2790,ori[0m<inf> dfu: dfu_service_handle_control_point_req: ==>dfu_segin_image_ver=0x1000001, cur_offset=0[0m
[00:17:29.163,468] rvice_handle_control_point_req: opcode=0x1, length=17[0m
[00:17:29.163,750] [0m<inf> dfu: dfu_service_handle_control_point_req: DFU_OPCODE_START_DFU: ic_type=0x10, secure_version=0x0, ctrl_flag.value=0x1b7f, image_id=0x2790,crc16=0x0, payload_len=0[0m
[00:17:29.163,812] [0m<inf> dfu: dfu_service_handle_24, start_dfu_mode=0x0(4: compressed mode, others: default mode)[0m
[00:17:29.163,937] [0m<inf> dfu: dfu_service_handle_ccontrol_point_req: DFU_OPCODE_START_DFU: image_total_length=10ontrol_point_req: DFU_OPCODE_START_DFU: image_num=0, image_id=0x0, image_size=0x0, image_offset=0x0, compressed_mode 0[0m
[00:17:29.164,000] [0m<inf> dfu: dfu_service_handle_control_point_req: DFU_OPCODE_START_DFU: start success![0m
[00:17:29.223,718] [0m<inf> dfu: dfu_service_handle_control_point_req: ==>dfu_service_handle_control_point_req: opcode=0x2, length=7[0m
[00:17:29.224,000] [0m<inf> dfu: dfu_service_handle_control_point_req: DFU_OPCODE_RECEIVE_FW_IMAGE_INFO: image_id=0x2790, cur_offset=0, g_ota_tmp_buf_used_size=0[0m
[00:17:29.313,875] [0m<inf> dfu: dfu_service_handle_packet_req: dfu_service_handle_packet_req: length=128, cur_offset=0, g_ota_tmp_buf_used_size=0, image_total_length=1024[0m
[00:17:29.344,750] [0m<inf> dfu: dfngth=128, cur_offset=0, g_ota_tmp_buf_used_size=128, image_totu_service_handle_packet_req: dfu_service_handle_packet_req: leal_length=1024[0m
[00:17:29.352,000] [0m<inf> dfu: dfu_service_handle_packet_req: dfu_service_handle_packet_req: length=128, cur_offset=0, g_ota_tmp_buf_used_size=256, image_total_length=1024[0m
[00:17:29.358,406] [0m<inf> dfu: dfu_service_handle_packet_req: dfu_service_handle_packet_req: length=128, cur_offset=0, g_ota_tmp_buf_used_size=384, image_total_length=1024[0m
[00:17:29.365,843] [0m<inf> dfu: dfu_service_handle_packet_req: dfu_service_handle_packet_req: length=128, cur_offset=0, g_ota_tmp_buf_used_size=512, image_total_length=1024[0m
[00:17:29.373,437] [0m<inf> dfu: dfu_service_handle_packet_req: dfu_service_handle_packet_req: length=128, cur_offset=0, g_ota_tmp_buf_used_size=640, image_total_length=1024[0m
[00:17:29.378,718] [0m<inf> dfu: dfu_service_handle_packet_req: dfu_service_handle_packet_req: length=128, cur_offset=0, g_ota_tmp_buf_used_size=768, image_total_length=1024[0m
[00:17:29.384,375] [0m<inf> dfu: dfu_service_handle_packet_req: dfu_service_handle_packet_req: length=128, cur_offset=0, g_ota_tmp_buf_used_size=896, image_total_length=1024[0m
[00:17:29.392,156] [0m<inf> dfu: dfu_service_handle_control_point_req: ==>dfu_service_handle_control_point_req: opcode=0xa, length=5[0m
[00:17:29.392,406] [0m<inf> dfu: dfu_service_handle_control_point_req: DFU_OPCODE_REPORT_BUFFER_CRC: mBufSize=0x400, mCrcVal=0xa9af[0m
[00:17:29.393,000] [0m<inf> dfu_flash: dfu_check_buf_crc: <==dfu_check_buf_crc: length=1024, checksum16=0xa9af, crc_val=0xa9af, result:0[0m
[00:17:29.393,156] [0m<inf> dfu_flash: dfu_update: ==>dfu_update: offset=0x0, total_offset=0x0, length=1024[0m
[00:17:29.393,343] [0m<inf> dfu_flash: dfu_update: <==dfu_update: New Image Header=0x400, image_id=0x2790, dfu_base_addr=0x187f000[0m
[00:17:29.393,437] [0m<inf> dfu_flash: unlock_flash_bp_all: **********Flash unlock BP***********[0m
[00:17:29.393,937] [0m<inf> dfu_flash: unlock_flash_bp_all: <==Unlock Total Flash Success! prev_bp_lv=0[0m
[00:17:29.401,562] [0m<inf> dfu_flash: flash_erase_sector: <==dfu flash erase sector: addr=187f000, result=1(1:success)[0m
[00:17:29.401,687] [0m<inf> dfu_flash: dfu_write: dfu_write: start_addr=0x187f000, length=1024[0m
[00:17:29.409,500] [0m<inf> dfu_flash: dfu_update: <==dfu_update: result=0[0m
[00:17:29.409,687] [0m<inf> dfu: dfu_buffer_check_process: <==dfu_buffer_check_process: dfu_update Success! cur_offset=1024, dfu_resend_offset=0[0m
[00:17:29.439,093] [0m<inf> dfu: dfu_service_handle_control_point_req: ==>dfu_service_handle_control_point_req: opcode=0x3, length=3[0m
[00:17:29.439,375] [0m<inf> dfu: dfu_service_handle_c0:17:29.445,750] [0m<inf> ota_task: app_handle_io_msg: IO_MSGontrol_point_req: DFU_OPCODE_VALID_FW: image_id=0x2790[0m
[0_TYPE_DFU_VALID_FW[0m
[00:17:29.447,187] [0m<inf> dfu_flash: unlock_flash_bp_all: **********Flash unlock BP***********[0m
[00:17:29.447,562] [0m<inf> dfu_flash: unlock_flash_bp_all: <==Unlock Total Flash Success! prev_bp_lv=0[0m
[00:17:29.450,687] [0m<inf> dfu_flash: dfu_check_checksum: <==dfu_check_checksum: check_result:1, ota_tmp_addr:0x187f000, error_code:0[0m
[00:17:29.450,812] [0m<inf> dfu: dfu_service_handle_valid_fw: dfu_service_handle_valid_fw: check_result=1 (1: Success, 0: Fail)[0m
[00:17:32.213,500] [0m<inf> dfu: dfu_service_handle_control_point_req: ==>dfu_service_handle_control_point_req: opcode=0x9, length=1[0m
[00:17:32.214,031] [0m<inf> dfu: dfu_service_handle_control_point_req: DFU_OPCODE_BUFFER_CHECK_EN: mtu_size=247, max_bufffer_size=2048[0m
[00:17:32.243,593] [0m<inf> dfu: dfu_service_handle_control_point_req: ==>dfu_service_handle_control_point_req: opcode=0x7, length=9[0m
[00:17:32.243,875] [1;31m<err> dfu: DFU_OPCODE_CONN_PARA_TO_UPDATE_REQ: OTA ConnParaUpdInProgress![0m

compile at Sep 24 2025 16:07:06
*** Booting Zephyr OS build 3b3764801900 ***
Successfully loaded Realtek Lowerstack ROM!
Starting Bluetooth Peripheral OTA example
CONFIG_FLASH_LOAD_OFFSET=0x92000
[00:00:00.022,062] [0m<inf> main: main: dfu_get_enc_setting 0[0m
[00:00:00.022,156] [0m<inf> dfu: dfu_main: Enter DFU mode[0m
[00:00:00.081,500] [0m<inf> fs_nvs: nvs_mount: 4 Sectors of 4096 bytes[0m
[00:00:00.081,687] [0m<inf> fs_nvs: nvs_mount: alloc wra: 0, fd0[0m
[00:00:00.081,718] [0m<inf> fs_nvs: nvs_mount: data wra: 0, 19[0m
[00:00:00.188,843] [1;33m<wrn> bt_ecc: ECC HCI commands not available[0m
[00:00:00.189,187] [0m<inf> bt_hci_core: bt_init: No ID address. App must call settings_load()[0m
Bluetooth initialized
[00:00:00.198,000] [0m<inf> bt_hci_core: bt_dev_show_info: Identity: 22:63:87:4C:E0:01 (public)[0m
[00:00:00.198,312] [0m<inf> bt_hci_core: bt_dev_show_info: HCI: version 5.3 (0x0c) revision 0x0011, manufacturer 0x005d[0m
[00:00:00.198,468] [0m<inf> bt_hci_core: bt_dev_show_info: LMP: version 5.3 (0x0c) subver 0x8762[0m
Advertising successfully started
